# JRE version: OpenJDK Runtime Environment Temurin-21.0.6+7 (21.0.6+7) (build 21.0.6+7-LTS)
# Java VM: OpenJDK 64-Bit Server VM Temurin-21.0.6+7 (21.0.6+7-LTS, mixed mode, emulated-client, sharing, tiered, compressed oops, compressed class ptrs, g1 gc, windows-amd64)
GC Precious Log:
 CardTable entry size: 512
 Card Set container configuration: InlinePtr #cards 5 size 8 Array Of Cards #cards 12 size 40 Howl #buckets 4 coarsen threshold 1843 Howl Bitmap #cards 512 size 80 coarsen threshold 460 Card regions per heap region 1 cards per card region 2048
 CPUs: 8 total, 8 available
 Memory: 7932M
 Large Page Support: Disabled
 NUMA Support: Disabled
 Compressed Oops: Enabled (32-bit)
 Heap Region Size: 1M
 Heap Min Capacity: 8M
 Heap Initial Capacity: 124M
 Heap Max Capacity: 1984M
 Pre-touch: Disabled
 Parallel Workers: 8
 Concurrent Workers: 2
 Concurrent Refinement Workers: 8
 Periodic GC: Disabled
Heap:
 garbage-first heap   total 103424K, used 53173K [0x0000000084000000, 0x0000000100000000)
  region size 1024K, 4 young (4096K), 4 survivors (4096K)
 Metaspace       used 73064K, committed 73920K, reserved 1114112K
  class space    used 10496K, committed 10880K, reserved 1048576K
GC Heap History (20 events):
Event: 46.990 GC heap after
{Heap after GC invocations=14 (full 0):
 garbage-first heap   total 86016K, used 37450K [0x0000000084000000, 0x0000000100000000)
  region size 1024K, 5 young (5120K), 5 survivors (5120K)
 Metaspace       used 41959K, committed 42624K, reserved 1114112K
  class space    used 5811K, committed 6144K, reserved 1048576K
}
Event: 49.363 GC heap before
{Heap before GC invocations=14 (full 0):
 garbage-first heap   total 86016K, used 74314K [0x0000000084000000, 0x0000000100000000)
  region size 1024K, 41 young (41984K), 5 survivors (5120K)
 Metaspace       used 44482K, committed 45120K, reserved 1114112K
  class space    used 6145K, committed 6464K, reserved 1048576K
}
Event: 49.379 GC heap after
{Heap after GC invocations=15 (full 0):
 garbage-first heap   total 103424K, used 39010K [0x0000000084000000, 0x0000000100000000)
  region size 1024K, 4 young (4096K), 4 survivors (4096K)
 Metaspace       used 44482K, committed 45120K, reserved 1114112K
  class space    used 6145K, committed 6464K, reserved 1048576K
}
Event: 54.609 GC heap before
{Heap before GC invocations=15 (full 0):
 garbage-first heap   total 103424K, used 92258K [0x0000000084000000, 0x0000000100000000)
  region size 1024K, 56 young (57344K), 4 survivors (4096K)
 Metaspace       used 56721K, committed 57408K, reserved 1114112K
  class space    used 7903K, committed 8192K, reserved 1048576K
}
Event: 54.622 GC heap after
{Heap after GC invocations=16 (full 0):
 garbage-first heap   total 103424K, used 41383K [0x0000000084000000, 0x0000000100000000)
  region size 1024K, 6 young (6144K), 6 survivors (6144K)
 Metaspace       used 56721K, committed 57408K, reserved 1114112K
  class space    used 7903K, committed 8192K, reserved 1048576K
}
Event: 55.282 GC heap before
{Heap before GC invocations=16 (full 0):
 garbage-first heap   total 103424K, used 48551K [0x0000000084000000, 0x0000000100000000)
  region size 1024K, 14 young (14336K), 6 survivors (6144K)
 Metaspace       used 59417K, committed 60096K, reserved 1114112K
  class space    used 8337K, committed 8640K, reserved 1048576K
}
Event: 55.292 GC heap after
{Heap after GC invocations=17 (full 0):
 garbage-first heap   total 103424K, used 42009K [0x0000000084000000, 0x0000000100000000)
  region size 1024K, 4 young (4096K), 4 survivors (4096K)
 Metaspace       used 59417K, committed 60096K, reserved 1114112K
  class space    used 8337K, committed 8640K, reserved 1048576K
}
Event: 58.324 GC heap before
{Heap before GC invocations=18 (full 0):
 garbage-first heap   total 103424K, used 92185K [0x0000000084000000, 0x0000000100000000)
  region size 1024K, 53 young (54272K), 4 survivors (4096K)
 Metaspace       used 66560K, committed 67328K, reserved 1114112K
  class space    used 9518K, committed 9856K, reserved 1048576K
}
Event: 58.336 GC heap after
{Heap after GC invocations=19 (full 0):
 garbage-first heap   total 103424K, used 44326K [0x0000000084000000, 0x0000000100000000)
  region size 1024K, 6 young (6144K), 6 survivors (6144K)
 Metaspace       used 66560K, committed 67328K, reserved 1114112K
  class space    used 9518K, committed 9856K, reserved 1048576K
}
Event: 59.784 GC heap before
{Heap before GC invocations=19 (full 0):
 garbage-first heap   total 103424K, used 90406K [0x0000000084000000, 0x0000000100000000)
  region size 1024K, 51 young (52224K), 6 survivors (6144K)
 Metaspace       used 69116K, committed 69888K, reserved 1114112K
  class space    used 9823K, committed 10176K, reserved 1048576K
}
Event: 59.801 GC heap after
{Heap after GC invocations=20 (full 0):
 garbage-first heap   total 103424K, used 46446K [0x0000000084000000, 0x0000000100000000)
  region size 1024K, 6 young (6144K), 6 survivors (6144K)
 Metaspace       used 69116K, committed 69888K, reserved 1114112K
  class space    used 9823K, committed 10176K, reserved 1048576K
}
Event: 61.056 GC heap before
{Heap before GC invocations=20 (full 0):
 garbage-first heap   total 103424K, used 90478K [0x0000000084000000, 0x0000000100000000)
  region size 1024K, 49 young (50176K), 6 survivors (6144K)
 Metaspace       used 69895K, committed 70720K, reserved 1114112K
  class space    used 9962K, committed 10304K, reserved 1048576K
}
Event: 61.078 GC heap after
{Heap after GC invocations=21 (full 0):
 garbage-first heap   total 103424K, used 48111K [0x0000000084000000, 0x0000000100000000)
  region size 1024K, 5 young (5120K), 5 survivors (5120K)
 Metaspace       used 69895K, committed 70720K, reserved 1114112K
  class space    used 9962K, committed 10304K, reserved 1048576K
}
Event: 62.658 GC heap before
{Heap before GC invocations=21 (full 0):
 garbage-first heap   total 103424K, used 91119K [0x0000000084000000, 0x0000000100000000)
  region size 1024K, 47 young (48128K), 5 survivors (5120K)
 Metaspace       used 71480K, committed 72320K, reserved 1114112K
  class space    used 10200K, committed 10560K, reserved 1048576K
}
Event: 62.670 GC heap after
{Heap after GC invocations=22 (full 0):
 garbage-first heap   total 103424K, used 49677K [0x0000000084000000, 0x0000000100000000)
  region size 1024K, 4 young (4096K), 4 survivors (4096K)
 Metaspace       used 71480K, committed 72320K, reserved 1114112K
  class space    used 10200K, committed 10560K, reserved 1048576K
}
Event: 64.051 GC heap before
{Heap before GC invocations=23 (full 0):
 garbage-first heap   total 103424K, used 92685K [0x0000000084000000, 0x0000000100000000)
  region size 1024K, 46 young (47104K), 4 survivors (4096K)
 Metaspace       used 72059K, committed 72896K, reserved 1114112K
  class space    used 10324K, committed 10688K, reserved 1048576K
}
Event: 64.066 GC heap after
{Heap after GC invocations=24 (full 0):
 garbage-first heap   total 103424K, used 51533K [0x0000000084000000, 0x0000000100000000)
  region size 1024K, 4 young (4096K), 4 survivors (4096K)
 Metaspace       used 72059K, committed 72896K, reserved 1114112K
  class space    used 10324K, committed 10688K, reserved 1048576K
}
Event: 64.962 GC heap before
{Heap before GC invocations=24 (full 0):
 garbage-first heap   total 103424K, used 92493K [0x0000000084000000, 0x0000000100000000)
  region size 1024K, 44 young (45056K), 4 survivors (4096K)
 Metaspace       used 72562K, committed 73344K, reserved 1114112K
  class space    used 10410K, committed 10752K, reserved 1048576K
}
Event: 64.978 GC heap after
{Heap after GC invocations=25 (full 0):
 garbage-first heap   total 103424K, used 51536K [0x0000000084000000, 0x0000000100000000)
  region size 1024K, 4 young (4096K), 4 survivors (4096K)
 Metaspace       used 72562K, committed 73344K, reserved 1114112K
  class space    used 10410K, committed 10752K, reserved 1048576K
}
Event: 65.967 GC heap before
{Heap before GC invocations=25 (full 0):
 garbage-first heap   total 103424K, used 92496K [0x0000000084000000, 0x0000000100000000)
  region size 1024K, 44 young (45056K), 4 survivors (4096K)
 Metaspace       used 73064K, committed 73920K, reserved 1114112K
  class space    used 10496K, committed 10880K, reserved 1048576K
}

